<?xml version="1.0" encoding="UTF-8"?>
<!-- Generated by org.testng.reporters.JUnitReportReporter -->
<testsuite skipped="0" hostname="kevser" name="Academy.VerifyLandingPageTitle" tests="1" failures="0" timestamp="01 May 2018 15:11:45 GMT" time="12.590" errors="0">
  <testcase name="Login" time="12.590" classname="Academy.VerifyLandingPageTitle"/>
</testsuite> <!-- Academy.VerifyLandingPageTitle -->
