<?xml version="1.0" encoding="UTF-8"?>
<!-- Generated by org.testng.reporters.JUnitReportReporter -->
<testsuite skipped="0" hostname="kevser" name="Academy.Academy" tests="1" failures="0" timestamp="01 May 2018 14:50:07 GMT" time="2.732" errors="0">
  <testcase name="basePageNavigation" time="2.732" classname="Academy.Academy"/>
</testsuite> <!-- Academy.Academy -->
