<?xml version="1.0" encoding="UTF-8"?>
<!-- Generated by org.testng.reporters.JUnitReportReporter -->
<testsuite skipped="0" hostname="kevser" name="Academy.HomePage_LoginTest" tests="2" failures="0" timestamp="01 May 2018 23:21:16 GMT" time="15.542" errors="0">
  <testcase name="Login" time="11.625" classname="Academy.HomePage_LoginTest"/>
  <testcase name="Login" time="3.917" classname="Academy.HomePage_LoginTest"/>
</testsuite> <!-- Academy.HomePage_LoginTest -->
