<?xml version="1.0" encoding="UTF-8"?>
<!-- Generated by org.testng.reporters.JUnitReportReporter -->
<testsuite skipped="0" hostname="kevser" name="Academy.VerifyLandingPageTitleTest" tests="1" failures="0" timestamp="01 May 2018 19:57:03 GMT" time="0.018" errors="0">
  <testcase name="Login" time="0.018" classname="Academy.VerifyLandingPageTitleTest"/>
</testsuite> <!-- Academy.VerifyLandingPageTitleTest -->
