<?xml version="1.0" encoding="UTF-8"?>
<!-- Generated by org.testng.reporters.JUnitReportReporter -->
<testsuite skipped="0" hostname="kevser" name="Academy.HomePage_LoginTest" tests="2" failures="0" timestamp="01 May 2018 19:57:03 GMT" time="16.427" errors="0">
  <testcase name="Login" time="4.207" classname="Academy.HomePage_LoginTest"/>
  <testcase name="Login" time="12.220" classname="Academy.HomePage_LoginTest"/>
</testsuite> <!-- Academy.HomePage_LoginTest -->
